<?xml version="1.0" encoding="UTF-8"?>
<coverage generated="1700013529009" clover="3.2.0">
  <project timestamp="1700013529009" name="All files">
    <metrics statements="31" coveredstatements="22" conditionals="1" coveredconditionals="1" methods="5" coveredmethods="4" elements="37" coveredelements="27" complexity="0" loc="31" ncloc="31" packages="1" files="5" classes="5"/>
    <file name="app.controller.ts" path="C:\Users\pablo\OneDrive\Escritorio\prueba-tecnica\back-test\src\app.controller.ts">
      <metrics statements="6" coveredstatements="6" conditionals="0" coveredconditionals="0" methods="2" coveredmethods="2"/>
      <line num="1" count="1" type="stmt"/>
      <line num="2" count="1" type="stmt"/>
      <line num="5" count="1" type="stmt"/>
      <line num="6" count="2" type="stmt"/>
      <line num="9" count="1" type="stmt"/>
      <line num="10" count="2" type="stmt"/>
    </file>
    <file name="app.module.ts" path="C:\Users\pablo\OneDrive\Escritorio\prueba-tecnica\back-test\src\app.module.ts">
      <metrics statements="4" coveredstatements="0" conditionals="0" coveredconditionals="0" methods="0" coveredmethods="0"/>
      <line num="1" count="0" type="stmt"/>
      <line num="2" count="0" type="stmt"/>
      <line num="3" count="0" type="stmt"/>
      <line num="10" count="0" type="stmt"/>
    </file>
    <file name="app.service.ts" path="C:\Users\pablo\OneDrive\Escritorio\prueba-tecnica\back-test\src\app.service.ts">
      <metrics statements="14" coveredstatements="14" conditionals="1" coveredconditionals="1" methods="2" coveredmethods="2"/>
      <line num="1" count="1" type="stmt"/>
      <line num="2" count="1" type="stmt"/>
      <line num="5" count="1" type="stmt"/>
      <line num="8" count="2" type="stmt"/>
      <line num="11" count="2" type="stmt"/>
      <line num="12" count="2" type="stmt"/>
      <line num="18" count="2" type="cond" truecount="1" falsecount="0"/>
      <line num="19" count="1" type="stmt"/>
      <line num="22" count="1" type="stmt"/>
      <line num="23" count="1" type="stmt"/>
      <line num="24" count="3" type="stmt"/>
      <line num="25" count="3" type="stmt"/>
      <line num="26" count="3" type="stmt"/>
      <line num="30" count="1" type="stmt"/>
    </file>
    <file name="configuration.ts" path="C:\Users\pablo\OneDrive\Escritorio\prueba-tecnica\back-test\src\configuration.ts">
      <metrics statements="2" coveredstatements="2" conditionals="0" coveredconditionals="0" methods="0" coveredmethods="0"/>
      <line num="1" count="1" type="stmt"/>
      <line num="6" count="1" type="stmt"/>
    </file>
    <file name="main.ts" path="C:\Users\pablo\OneDrive\Escritorio\prueba-tecnica\back-test\src\main.ts">
      <metrics statements="5" coveredstatements="0" conditionals="0" coveredconditionals="0" methods="1" coveredmethods="0"/>
      <line num="1" count="0" type="stmt"/>
      <line num="2" count="0" type="stmt"/>
      <line num="5" count="0" type="stmt"/>
      <line num="6" count="0" type="stmt"/>
      <line num="8" count="0" type="stmt"/>
    </file>
  </project>
</coverage>
